<?xml version="1.0" encoding="UTF-8"?>
<!-- Generated by org.testng.reporters.JUnitReportReporter -->
<testsuite hostname="DESKTOP-PISMIP8" failures="0" tests="3" name="sel.Crossbr" time="29.117" errors="0" timestamp="2024-05-27T20:28:13 IST" skipped="0">
  <testcase classname="sel.Crossbr" name="petStore" time="9.946"/>
  <testcase classname="sel.Crossbr" name="petStore" time="7.148"/>
  <testcase classname="sel.Crossbr" name="petStore" time="12.023"/>
</testsuite> <!-- sel.Crossbr -->
