<?xml version="1.0" encoding="UTF-8"?>
<!-- Generated by org.testng.reporters.JUnitReportReporter -->
<testsuite hostname="DESKTOP-PISMIP8" failures="0" tests="3" name="sel.Crossbr" time="26.187" errors="0" timestamp="2024-05-27T11:31:27 IST" skipped="0">
  <testcase classname="sel.Crossbr" name="petStore" time="9.171"/>
  <testcase classname="sel.Crossbr" name="petStore" time="7.777"/>
  <testcase classname="sel.Crossbr" name="petStore" time="9.239"/>
</testsuite> <!-- sel.Crossbr -->
